2021.04.18 15:29 B C:\Users\Larry\Desktop\W8ER Web Current\images\1.jpg <-- W8ER WebPage /images 1.jpg
2021.04.18 15:29 B C:\Users\Larry\Desktop\W8ER Web Current\images\1icon.jpg <-- W8ER WebPage /images 1icon.jpg
2021.04.18 15:29 B C:\Users\Larry\Desktop\W8ER Web Current\images\1s.jpg <-- W8ER WebPage /images 1s.jpg
2021.04.18 15:29 B C:\Users\Larry\Desktop\W8ER Web Current\images\2.jpg <-- W8ER WebPage /images 2.jpg
2021.04.18 15:29 B C:\Users\Larry\Desktop\W8ER Web Current\images\2s.jpg <-- W8ER WebPage /images 2s.jpg
2021.04.18 15:29 B C:\Users\Larry\Desktop\W8ER Web Current\images\7i5.jpg <-- W8ER WebPage /images 7i5.jpg
2021.04.18 15:29 B C:\Users\Larry\Desktop\W8ER Web Current\images\7i5s.jpg <-- W8ER WebPage /images 7i5s.jpg
2021.04.18 15:29 B C:\Users\Larry\Desktop\W8ER Web Current\images\boot.jpg <-- W8ER WebPage /images boot.jpg
2021.04.18 15:29 B C:\Users\Larry\Desktop\W8ER Web Current\images\boots.jpg <-- W8ER WebPage /images boots.jpg
2021.04.18 15:29 B C:\Users\Larry\Desktop\W8ER Web Current\images\cedarpoint.jpg <-- W8ER WebPage /images cedarpoint.jpg
2021.04.18 15:29 B C:\Users\Larry\Desktop\W8ER Web Current\images\cedarpoints.jpg <-- W8ER WebPage /images cedarpoints.jpg
2021.04.18 15:29 B C:\Users\Larry\Desktop\W8ER Web Current\images\cov.jpg <-- W8ER WebPage /images cov.jpg
2021.04.18 15:29 B C:\Users\Larry\Desktop\W8ER Web Current\images\k8ih.jpg <-- W8ER WebPage /images k8ih.jpg
2021.04.18 15:29 B C:\Users\Larry\Desktop\W8ER Web Current\images\kj8cq.jpg <-- W8ER WebPage /images kj8cq.jpg
2021.04.18 15:29 B C:\Users\Larry\Desktop\W8ER Web Current\images\roncomp.jpg <-- W8ER WebPage /images roncomp.jpg
2021.04.18 15:29 B C:\Users\Larry\Desktop\W8ER Web Current\images\sand.jpg <-- W8ER WebPage /images sand.jpg
2021.04.18 15:29 B C:\Users\Larry\Desktop\W8ER Web Current\images\sands.jpg <-- W8ER WebPage /images sands.jpg
2021.04.18 15:29 B C:\Users\Larry\Desktop\W8ER Web Current\images\shack.jpg <-- W8ER WebPage /images shack.jpg
2021.04.18 15:29 B C:\Users\Larry\Desktop\W8ER Web Current\images\shack1.jpg <-- W8ER WebPage /images shack1.jpg
2021.04.18 15:29 B C:\Users\Larry\Desktop\W8ER Web Current\images\shacks.jpg <-- W8ER WebPage /images shacks.jpg
2021.04.18 15:29 B C:\Users\Larry\Desktop\W8ER Web Current\images\stevecomp.jpg <-- W8ER WebPage /images stevecomp.jpg
2021.04.18 15:29 B C:\Users\Larry\Desktop\W8ER Web Current\images\water.jpg <-- W8ER WebPage /images water.jpg
2021.04.18 15:29 B C:\Users\Larry\Desktop\W8ER Web Current\images\waters.jpg <-- W8ER WebPage /images waters.jpg
